{"C:\\Users\\Jenna\\Desktop\\Projects\\ottawa-native-plant-app\\utils\\helpers.js": {"path":"C:\\Users\\Jenna\\Desktop\\Projects\\ottawa-native-plant-app\\utils\\helpers.js","statementMap":{"0":{"start":{"line":3,"column":0},"end":{"line":5,"column":22}},"1":{"start":{"line":9,"column":4},"end":{"line":13,"column":5}},"2":{"start":{"line":10,"column":8},"end":{"line":10,"column":26}},"3":{"start":{"line":12,"column":8},"end":{"line":12,"column":20}},"4":{"start":{"line":17,"column":4},"end":{"line":23,"column":18}},"5":{"start":{"line":26,"column":0},"end":{"line":26,"column":58}}},"fnMap":{"0":{"name":"format_date","decl":{"start":{"line":2,"column":9},"end":{"line":2,"column":20}},"loc":{"start":{"line":2,"column":26},"end":{"line":6,"column":1}},"line":2},"1":{"name":"format_plural","decl":{"start":{"line":8,"column":9},"end":{"line":8,"column":22}},"loc":{"start":{"line":8,"column":36},"end":{"line":14,"column":1}},"line":8},"2":{"name":"url_format","decl":{"start":{"line":16,"column":9},"end":{"line":16,"column":19}},"loc":{"start":{"line":16,"column":28},"end":{"line":24,"column":5}},"line":16}},"branchMap":{"0":{"loc":{"start":{"line":9,"column":4},"end":{"line":13,"column":5}},"type":"if","locations":[{"start":{"line":9,"column":4},"end":{"line":13,"column":5}},{"start":{"line":11,"column":10},"end":{"line":13,"column":5}}],"line":9}},"s":{"0":1,"1":1,"2":1,"3":0,"4":3,"5":1},"f":{"0":1,"1":1,"2":3},"b":{"0":[1,0]},"_coverageSchema":"1a1c01bbd47fc00a2c39e90264f33305004495a9","hash":"77f400f0ffa5d4feabdf39c0764d9326f5f27d16"}
}
