{"C:\\Users\\Jenna\\Desktop\\Projects\\ottawa-native-plant-app\\utils\\helpers.js": {"path":"C:\\Users\\Jenna\\Desktop\\Projects\\ottawa-native-plant-app\\utils\\helpers.js","statementMap":{"0":{"start":{"line":15,"column":11},"end":{"line":15,"column":42}},"1":{"start":{"line":19,"column":0},"end":{"line":21,"column":22}},"2":{"start":{"line":24,"column":0},"end":{"line":24,"column":29}}},"fnMap":{"0":{"name":"format_date","decl":{"start":{"line":17,"column":9},"end":{"line":17,"column":20}},"loc":{"start":{"line":17,"column":22},"end":{"line":22,"column":1}},"line":17}},"branchMap":{},"s":{"0":1,"1":1,"2":1},"f":{"0":1},"b":{},"_coverageSchema":"1a1c01bbd47fc00a2c39e90264f33305004495a9","hash":"5238497c69caba733c3bbdad8360e3694c155404"}
}
